# JRE version: OpenJDK Runtime Environment (8.0_212-b04) (build 1.8.0_212-release-1586-b04)
# Java VM: OpenJDK 64-Bit Server VM (25.212-b04 mixed mode windows-amd64 compressed oops)
Heap:
 PSYoungGen      total 73728K, used 39219K [0x0000000780900000, 0x0000000787980000, 0x00000007c0000000)
  eden space 65536K, 47% used [0x0000000780900000,0x0000000782752f20,0x0000000784900000)
  from space 8192K, 99% used [0x0000000784900000,0x00000007850f9d80,0x0000000785100000)
  to   space 15360K, 0% used [0x0000000786a80000,0x0000000786a80000,0x0000000787980000)
 ParOldGen       total 97280K, used 26377K [0x0000000701a00000, 0x0000000707900000, 0x0000000780900000)
  object space 97280K, 27% used [0x0000000701a00000,0x00000007033c2480,0x0000000707900000)
 Metaspace       used 41311K, capacity 41950K, committed 42240K, reserved 1085440K
  class space    used 5134K, capacity 5304K, committed 5376K, reserved 1048576K
GC Heap History (10 events):
Event: 2.302 GC heap before
{Heap before GC invocations=3 (full 1):
 PSYoungGen      total 57344K, used 8189K [0x0000000780900000, 0x0000000787900000, 0x00000007c0000000)
  eden space 49152K, 0% used [0x0000000780900000,0x0000000780900000,0x0000000783900000)
  from space 8192K, 99% used [0x0000000784100000,0x00000007848ff570,0x0000000784900000)
  to   space 8192K, 0% used [0x0000000783900000,0x0000000783900000,0x0000000784100000)
 ParOldGen       total 131072K, used 7162K [0x0000000701a00000, 0x0000000709a00000, 0x0000000780900000)
  object space 131072K, 5% used [0x0000000701a00000,0x00000007020fe860,0x0000000709a00000)
 Metaspace       used 20781K, capacity 21146K, committed 21296K, reserved 1069056K
  class space    used 2480K, capacity 2629K, committed 2688K, reserved 1048576K
Event: 2.357 GC heap after
Heap after GC invocations=3 (full 1):
 PSYoungGen      total 57344K, used 0K [0x0000000780900000, 0x0000000787900000, 0x00000007c0000000)
  eden space 49152K, 0% used [0x0000000780900000,0x0000000780900000,0x0000000783900000)
  from space 8192K, 0% used [0x0000000784100000,0x0000000784100000,0x0000000784900000)
  to   space 8192K, 0% used [0x0000000783900000,0x0000000783900000,0x0000000784100000)
 ParOldGen       total 97280K, used 11486K [0x0000000701a00000, 0x0000000707900000, 0x0000000780900000)
  object space 97280K, 11% used [0x0000000701a00000,0x0000000702537a20,0x0000000707900000)
 Metaspace       used 20781K, capacity 21146K, committed 21296K, reserved 1069056K
  class space    used 2480K, capacity 2629K, committed 2688K, reserved 1048576K
}
Event: 3.634 GC heap before
{Heap before GC invocations=4 (full 1):
 PSYoungGen      total 57344K, used 49152K [0x0000000780900000, 0x0000000787900000, 0x00000007c0000000)
  eden space 49152K, 100% used [0x0000000780900000,0x0000000783900000,0x0000000783900000)
  from space 8192K, 0% used [0x0000000784100000,0x0000000784100000,0x0000000784900000)
  to   space 8192K, 0% used [0x0000000783900000,0x0000000783900000,0x0000000784100000)
 ParOldGen       total 97280K, used 11486K [0x0000000701a00000, 0x0000000707900000, 0x0000000780900000)
  object space 97280K, 11% used [0x0000000701a00000,0x0000000702537a20,0x0000000707900000)
 Metaspace       used 26863K, capacity 27362K, committed 27520K, reserved 1073152K
  class space    used 3243K, capacity 3381K, committed 3456K, reserved 1048576K
Event: 3.649 GC heap after
Heap after GC invocations=4 (full 1):
 PSYoungGen      total 57344K, used 8190K [0x0000000780900000, 0x0000000785900000, 0x00000007c0000000)
  eden space 49152K, 0% used [0x0000000780900000,0x0000000780900000,0x0000000783900000)
  from space 8192K, 99% used [0x0000000783900000,0x00000007840ffb38,0x0000000784100000)
  to   space 8192K, 0% used [0x0000000785100000,0x0000000785100000,0x0000000785900000)
 ParOldGen       total 97280K, used 15439K [0x0000000701a00000, 0x0000000707900000, 0x0000000780900000)
  object space 97280K, 15% used [0x0000000701a00000,0x0000000702913fd8,0x0000000707900000)
 Metaspace       used 26863K, capacity 27362K, committed 27520K, reserved 1073152K
  class space    used 3243K, capacity 3381K, committed 3456K, reserved 1048576K
}
Event: 4.769 GC heap before
{Heap before GC invocations=5 (full 1):
 PSYoungGen      total 57344K, used 51604K [0x0000000780900000, 0x0000000785900000, 0x00000007c0000000)
  eden space 49152K, 88% used [0x0000000780900000,0x0000000783365770,0x0000000783900000)
  from space 8192K, 99% used [0x0000000783900000,0x00000007840ffb38,0x0000000784100000)
  to   space 8192K, 0% used [0x0000000785100000,0x0000000785100000,0x0000000785900000)
 ParOldGen       total 97280K, used 15439K [0x0000000701a00000, 0x0000000707900000, 0x0000000780900000)
  object space 97280K, 15% used [0x0000000701a00000,0x0000000702913fd8,0x0000000707900000)
 Metaspace       used 34743K, capacity 35298K, committed 35456K, reserved 1079296K
  class space    used 4508K, capacity 4689K, committed 4736K, reserved 1048576K
Event: 4.789 GC heap after
Heap after GC invocations=5 (full 1):
 PSYoungGen      total 73728K, used 8171K [0x0000000780900000, 0x0000000785a80000, 0x00000007c0000000)
  eden space 65536K, 0% used [0x0000000780900000,0x0000000780900000,0x0000000784900000)
  from space 8192K, 99% used [0x0000000785100000,0x00000007858fadd8,0x0000000785900000)
  to   space 8192K, 0% used [0x0000000784900000,0x0000000784900000,0x0000000785100000)
 ParOldGen       total 97280K, used 23578K [0x0000000701a00000, 0x0000000707900000, 0x0000000780900000)
  object space 97280K, 24% used [0x0000000701a00000,0x0000000703106ae0,0x0000000707900000)
 Metaspace       used 34743K, capacity 35298K, committed 35456K, reserved 1079296K
  class space    used 4508K, capacity 4689K, committed 4736K, reserved 1048576K
}
Event: 4.789 GC heap before
{Heap before GC invocations=6 (full 2):
 PSYoungGen      total 73728K, used 8171K [0x0000000780900000, 0x0000000785a80000, 0x00000007c0000000)
  eden space 65536K, 0% used [0x0000000780900000,0x0000000780900000,0x0000000784900000)
  from space 8192K, 99% used [0x0000000785100000,0x00000007858fadd8,0x0000000785900000)
  to   space 8192K, 0% used [0x0000000784900000,0x0000000784900000,0x0000000785100000)
 ParOldGen       total 97280K, used 23578K [0x0000000701a00000, 0x0000000707900000, 0x0000000780900000)
  object space 97280K, 24% used [0x0000000701a00000,0x0000000703106ae0,0x0000000707900000)
 Metaspace       used 34743K, capacity 35298K, committed 35456K, reserved 1079296K
  class space    used 4508K, capacity 4689K, committed 4736K, reserved 1048576K
Event: 4.890 GC heap after
Heap after GC invocations=6 (full 2):
 PSYoungGen      total 73728K, used 0K [0x0000000780900000, 0x0000000785a80000, 0x00000007c0000000)
  eden space 65536K, 0% used [0x0000000780900000,0x0000000780900000,0x0000000784900000)
  from space 8192K, 0% used [0x0000000785100000,0x0000000785100000,0x0000000785900000)
  to   space 8192K, 0% used [0x0000000784900000,0x0000000784900000,0x0000000785100000)
 ParOldGen       total 97280K, used 21431K [0x0000000701a00000, 0x0000000707900000, 0x0000000780900000)
  object space 97280K, 22% used [0x0000000701a00000,0x0000000702eedcb8,0x0000000707900000)
 Metaspace       used 34743K, capacity 35298K, committed 35456K, reserved 1079296K
  class space    used 4508K, capacity 4689K, committed 4736K, reserved 1048576K
}
Event: 7.149 GC heap before
{Heap before GC invocations=7 (full 2):
 PSYoungGen      total 73728K, used 65536K [0x0000000780900000, 0x0000000785a80000, 0x00000007c0000000)
  eden space 65536K, 100% used [0x0000000780900000,0x0000000784900000,0x0000000784900000)
  from space 8192K, 0% used [0x0000000785100000,0x0000000785100000,0x0000000785900000)
  to   space 8192K, 0% used [0x0000000784900000,0x0000000784900000,0x0000000785100000)
 ParOldGen       total 97280K, used 21431K [0x0000000701a00000, 0x0000000707900000, 0x0000000780900000)
  object space 97280K, 22% used [0x0000000701a00000,0x0000000702eedcb8,0x0000000707900000)
 Metaspace       used 39062K, capacity 39612K, committed 39936K, reserved 1083392K
  class space    used 4869K, capacity 5031K, committed 5120K, reserved 1048576K
Event: 7.177 GC heap after
Heap after GC invocations=7 (full 2):
 PSYoungGen      total 73728K, used 8167K [0x0000000780900000, 0x0000000787980000, 0x00000007c0000000)
  eden space 65536K, 0% used [0x0000000780900000,0x0000000780900000,0x0000000784900000)
  from space 8192K, 99% used [0x0000000784900000,0x00000007850f9d80,0x0000000785100000)
  to   space 15360K, 0% used [0x0000000786a80000,0x0000000786a80000,0x0000000787980000)
 ParOldGen       total 97280K, used 26377K [0x0000000701a00000, 0x0000000707900000, 0x0000000780900000)
  object space 97280K, 27% used [0x0000000701a00000,0x00000007033c2480,0x0000000707900000)
 Metaspace       used 39062K, capacity 39612K, committed 39936K, reserved 1083392K
  class space    used 4869K, capacity 5031K, committed 5120K, reserved 1048576K
}

